TN:
SF:src\commands\convert\caption.ts
FN:8,caption
FNF:1
FNH:1
FNDA:2,caption
DA:1,3
DA:2,3
DA:3,3
DA:4,3
DA:6,3
DA:8,3
DA:11,2
DA:12,2
DA:13,1
DA:14,1
DA:15,1
DA:18,1
DA:19,1
DA:21,1
DA:23,1
DA:26,1
DA:31,1
LF:17
LH:17
BRDA:18,0,0,1
BRDA:18,0,1,1
BRDA:18,0,2,0
BRDA:18,1,0,0
BRDA:18,1,1,1
BRDA:18,2,0,1
BRDA:18,2,1,1
BRDA:19,3,0,1
BRDA:19,3,1,1
BRDA:19,3,2,1
BRDA:19,3,3,0
BRDA:21,4,0,1
BRDA:21,4,1,1
BRDA:21,4,2,1
BRDA:21,4,3,0
BRF:15
BRH:11
end_of_record
TN:
SF:src\commands\convert\format.ts
FN:8,format
FNF:1
FNH:1
FNDA:3,format
DA:1,3
DA:2,3
DA:3,3
DA:4,3
DA:6,3
DA:8,3
DA:11,3
DA:12,1
DA:13,1
DA:14,1
DA:15,1
DA:18,1
LF:12
LH:12
BRF:0
BRH:0
end_of_record
TN:
SF:src\commands\convert\index.ts
FNF:0
FNH:0
DA:1,3
DA:2,3
DA:3,3
DA:6,3
LF:4
LH:4
BRF:0
BRH:0
end_of_record
TN:
SF:src\commands\convert\resize.ts
FN:8,resize
FNF:1
FNH:1
FNDA:3,resize
DA:1,3
DA:2,3
DA:3,3
DA:4,3
DA:6,3
DA:8,3
DA:11,3
DA:12,3
DA:13,1
DA:14,1
DA:15,1
DA:17,1
DA:19,1
DA:21,1
DA:24,1
DA:29,2
LF:16
LH:16
BRDA:14,0,0,1
BRDA:14,0,1,0
BRDA:17,1,0,1
BRDA:17,1,1,0
BRF:4
BRH:2
end_of_record
TN:
SF:src\commands\convert\errorHandling\index.ts
FN:4,checkResizeParameters
FN:22,checkCaptionParameters
FN:37,checkFormatParameters
FNF:3
FNH:3
FNDA:3,checkResizeParameters
FNDA:2,checkCaptionParameters
FNDA:3,checkFormatParameters
DA:1,3
DA:4,3
DA:5,3
DA:6,0
DA:9,3
DA:11,3
DA:12,1
DA:14,2
DA:15,1
DA:17,1
DA:18,0
DA:22,3
DA:23,2
DA:24,0
DA:27,2
DA:29,2
DA:30,0
DA:32,2
DA:33,1
DA:37,3
DA:38,3
DA:39,0
DA:42,3
DA:44,3
DA:45,1
DA:47,2
DA:48,0
DA:50,2
DA:51,1
LF:29
LH:23
BRDA:5,0,0,0
BRDA:11,1,0,1
BRDA:11,2,0,3
BRDA:11,2,1,2
BRDA:14,3,0,1
BRDA:17,4,0,0
BRDA:17,5,0,1
BRDA:17,5,1,1
BRDA:23,6,0,0
BRDA:29,7,0,0
BRDA:29,8,0,2
BRDA:29,8,1,2
BRDA:32,9,0,1
BRDA:32,10,0,2
BRDA:32,10,1,1
BRDA:38,11,0,0
BRDA:44,12,0,1
BRDA:44,13,0,3
BRDA:44,13,1,2
BRDA:47,14,0,0
BRDA:47,15,0,2
BRDA:47,15,1,2
BRDA:50,16,0,1
BRF:23
BRH:17
end_of_record
TN:
SF:src\commands\custom\index.ts
FN:7,custom
FNF:1
FNH:1
FNDA:3,custom
DA:1,1
DA:2,1
DA:3,1
DA:5,1
DA:7,1
DA:8,3
DA:9,2
DA:10,2
DA:12,1
LF:9
LH:9
BRF:0
BRH:0
end_of_record
TN:
SF:src\commands\custom\errorHandling\index.ts
FN:1,checkCustomParameters
FNF:1
FNH:1
FNDA:3,checkCustomParameters
DA:1,1
DA:2,3
DA:3,1
LF:3
LH:3
BRDA:2,0,0,1
BRDA:2,1,0,3
BRDA:2,1,1,2
BRF:3
BRH:3
end_of_record
TN:
SF:src\commands\identify\index.ts
FN:7,identify
FNF:1
FNH:1
FNDA:4,identify
DA:1,1
DA:2,1
DA:4,1
DA:5,1
DA:7,1
DA:10,4
DA:11,2
DA:12,2
DA:13,2
DA:14,1
DA:26,1
DA:27,1
LF:12
LH:12
BRDA:28,0,0,1
BRDA:28,0,1,0
BRF:2
BRH:1
end_of_record
TN:
SF:src\commands\identify\errorHandling\index.ts
FN:3,checkIdentifyParameters
FNF:1
FNH:1
FNDA:4,checkIdentifyParameters
DA:1,1
DA:3,1
DA:4,4
DA:5,1
DA:7,3
DA:8,1
LF:6
LH:6
BRDA:4,0,0,1
BRDA:4,1,0,4
BRDA:4,1,1,3
BRDA:7,2,0,1
BRF:4
BRH:4
end_of_record
TN:
SF:src\utils\constants.ts
FNF:0
FNH:0
DA:1,5
LF:1
LH:1
BRF:0
BRH:0
end_of_record
TN:
SF:src\utils\files.ts
FN:3,createFileIfDoesntExistSync
FNF:1
FNH:1
FNDA:5,createFileIfDoesntExistSync
DA:1,4
DA:3,4
DA:4,5
DA:5,1
DA:6,1
DA:8,4
LF:6
LH:6
BRDA:4,0,0,1
BRF:1
BRH:1
end_of_record
